SF:lib/src/domain/usecases/request_camera_permission_usecase.dart
DA:14,1
DA:19,1
DA:20,2
DA:22,1
DA:23,3
DA:27,2
LF:6
LH:6
end_of_record
SF:lib/src/data/models/mappers/image_mapper.dart
DA:9,0
DA:15,0
DA:19,0
DA:20,0
DA:21,0
DA:22,0
DA:23,0
DA:24,0
DA:25,0
DA:32,0
DA:33,0
DA:34,0
DA:35,0
DA:36,0
DA:37,0
DA:38,0
DA:39,0
DA:44,0
DA:47,0
DA:48,0
DA:49,0
DA:50,0
DA:51,0
DA:53,0
DA:54,0
DA:55,0
DA:60,0
DA:63,0
DA:64,0
DA:65,0
DA:66,0
DA:67,0
DA:68,0
DA:69,0
DA:70,0
DA:71,0
DA:72,0
LF:37
LH:0
end_of_record
SF:lib/src/domain/entities/image_entity.dart
DA:32,0
LF:1
LH:0
end_of_record
SF:lib/src/domain/usecases/pick_gallery_images_usecase.dart
DA:18,1
DA:27,1
DA:31,2
DA:33,1
DA:34,1
DA:37,1
DA:39,1
DA:43,2
LF:8
LH:8
end_of_record
